<?xml version="1.0" encoding="UTF-8"?>
<testsuite name="com.jojoldu.book.springboot.web.HelloControllerTest" tests="2" skipped="0" failures="0" errors="0" timestamp="2022-01-24T02:30:50" hostname="DESKTOP-VPI1TQ8" time="0.037">
  <properties/>
  <testcase name="hello가_리턴된다" classname="com.jojoldu.book.springboot.web.HelloControllerTest" time="0.014"/>
  <testcase name="helloDto가_리턴된다" classname="com.jojoldu.book.springboot.web.HelloControllerTest" time="0.023"/>
  <system-out><![CDATA[2022-01-24 11:30:49.379  INFO 17672 --- [    Test worker] .b.t.a.w.s.WebMvcTestContextBootstrapper : Neither @ContextConfiguration nor @ContextHierarchy found for test class [com.jojoldu.book.springboot.web.HelloControllerTest], using SpringBootContextLoader
2022-01-24 11:30:49.379  INFO 17672 --- [    Test worker] o.s.t.c.support.AbstractContextLoader    : Could not detect default resource locations for test class [com.jojoldu.book.springboot.web.HelloControllerTest]: no resource found for suffixes {-context.xml, Context.groovy}.
2022-01-24 11:30:49.379  INFO 17672 --- [    Test worker] t.c.s.AnnotationConfigContextLoaderUtils : Could not detect default configuration classes for test class [com.jojoldu.book.springboot.web.HelloControllerTest]: HelloControllerTest does not declare any static, non-private, non-final, nested classes annotated with @Configuration.
2022-01-24 11:30:49.395  INFO 17672 --- [    Test worker] .b.t.c.SpringBootTestContextBootstrapper : Found @SpringBootConfiguration com.jojoldu.book.springboot.Application for test class com.jojoldu.book.springboot.web.HelloControllerTest
2022-01-24 11:30:49.395  INFO 17672 --- [    Test worker] .b.t.a.w.s.WebMvcTestContextBootstrapper : Loaded default TestExecutionListener class names from location [META-INF/spring.factories]: [org.springframework.security.test.context.support.WithSecurityContextTestExecutionListener, org.springframework.security.test.context.support.ReactorContextTestExecutionListener, org.springframework.boot.test.autoconfigure.restdocs.RestDocsTestExecutionListener, org.springframework.boot.test.autoconfigure.web.client.MockRestServiceServerResetTestExecutionListener, org.springframework.boot.test.autoconfigure.web.servlet.MockMvcPrintOnlyOnFailureTestExecutionListener, org.springframework.boot.test.autoconfigure.web.servlet.WebDriverTestExecutionListener, org.springframework.boot.test.mock.mockito.MockitoTestExecutionListener, org.springframework.boot.test.mock.mockito.ResetMocksTestExecutionListener, org.springframework.test.context.web.ServletTestExecutionListener, org.springframework.test.context.support.DirtiesContextBeforeModesTestExecutionListener, org.springframework.test.context.support.DependencyInjectionTestExecutionListener, org.springframework.test.context.support.DirtiesContextTestExecutionListener, org.springframework.test.context.transaction.TransactionalTestExecutionListener, org.springframework.test.context.jdbc.SqlScriptsTestExecutionListener]
2022-01-24 11:30:49.395  INFO 17672 --- [    Test worker] .b.t.a.w.s.WebMvcTestContextBootstrapper : Using TestExecutionListeners: [org.springframework.test.context.web.ServletTestExecutionListener@5932c700, org.springframework.test.context.support.DirtiesContextBeforeModesTestExecutionListener@3ba97cb4, org.springframework.boot.test.mock.mockito.MockitoTestExecutionListener@1dfcde14, org.springframework.boot.test.autoconfigure.SpringBootDependencyInjectionTestExecutionListener@6539dd16, org.springframework.test.context.support.DirtiesContextTestExecutionListener@2afc1c76, org.springframework.test.context.transaction.TransactionalTestExecutionListener@5ac09941, org.springframework.test.context.jdbc.SqlScriptsTestExecutionListener@2137f073, org.springframework.security.test.context.support.WithSecurityContextTestExecutionListener@a4d482e, org.springframework.security.test.context.support.ReactorContextTestExecutionListener@4018eabd, org.springframework.boot.test.autoconfigure.restdocs.RestDocsTestExecutionListener@1ecc696e, org.springframework.boot.test.autoconfigure.web.client.MockRestServiceServerResetTestExecutionListener@e6b6ac, org.springframework.boot.test.autoconfigure.web.servlet.MockMvcPrintOnlyOnFailureTestExecutionListener@600a92a6, org.springframework.boot.test.autoconfigure.web.servlet.WebDriverTestExecutionListener@6740d118, org.springframework.boot.test.mock.mockito.ResetMocksTestExecutionListener@1aba4387]

  .   ____          _            __ _ _
 /\\ / ___'_ __ _ _(_)_ __  __ _ \ \ \ \
( ( )\___ | '_ | '_| | '_ \/ _` | \ \ \ \
 \\/  ___)| |_)| | | | | || (_| |  ) ) ) )
  '  |____| .__|_| |_|_| |_\__, | / / / /
 =========|_|==============|___/=/_/_/_/
 :: Spring Boot ::        (v2.1.7.RELEASE)

2022-01-24 11:30:49.411  INFO 17672 --- [    Test worker] c.j.b.s.web.HelloControllerTest          : Starting HelloControllerTest on DESKTOP-VPI1TQ8 with PID 17672 (started by cow01 in C:\freelec-springboot2-webservice)
2022-01-24 11:30:49.426  INFO 17672 --- [    Test worker] c.j.b.s.web.HelloControllerTest          : No active profile set, falling back to default profiles: default
2022-01-24 11:30:49.724  INFO 17672 --- [    Test worker] o.s.s.concurrent.ThreadPoolTaskExecutor  : Initializing ExecutorService 'applicationTaskExecutor'
2022-01-24 11:30:49.755  INFO 17672 --- [    Test worker] o.s.b.a.w.s.WelcomePageHandlerMapping    : Adding welcome page template: index
2022-01-24 11:30:49.918  INFO 17672 --- [    Test worker] .s.s.UserDetailsServiceAutoConfiguration : 

Using generated security password: beb61c26-429d-4ed7-a406-bde3917da70d

2022-01-24 11:30:49.996  INFO 17672 --- [    Test worker] o.s.s.web.DefaultSecurityFilterChain     : Creating filter chain: any request, [org.springframework.security.web.context.request.async.WebAsyncManagerIntegrationFilter@4686bb98, org.springframework.security.web.context.SecurityContextPersistenceFilter@2b9396ac, org.springframework.security.web.header.HeaderWriterFilter@2f0ea53, org.springframework.security.web.csrf.CsrfFilter@76ab089, org.springframework.security.web.authentication.logout.LogoutFilter@7d270105, org.springframework.security.web.authentication.UsernamePasswordAuthenticationFilter@6f7e6d47, org.springframework.security.web.authentication.ui.DefaultLoginPageGeneratingFilter@7168259a, org.springframework.security.web.authentication.ui.DefaultLogoutPageGeneratingFilter@5b9ef9f6, org.springframework.security.web.authentication.www.BasicAuthenticationFilter@79eb1068, org.springframework.security.web.savedrequest.RequestCacheAwareFilter@43d7d67f, org.springframework.security.web.servletapi.SecurityContextHolderAwareRequestFilter@46f00e24, org.springframework.security.web.authentication.AnonymousAuthenticationFilter@7ad7dabd, org.springframework.security.web.session.SessionManagementFilter@50ccfc7c, org.springframework.security.web.access.ExceptionTranslationFilter@59663958, org.springframework.security.web.access.intercept.FilterSecurityInterceptor@3f0398b6]
2022-01-24 11:30:50.011  INFO 17672 --- [    Test worker] o.s.b.t.m.w.SpringBootMockServletContext : Initializing Spring TestDispatcherServlet ''
2022-01-24 11:30:50.011  INFO 17672 --- [    Test worker] o.s.t.web.servlet.TestDispatcherServlet  : Initializing Servlet ''
2022-01-24 11:30:50.011  INFO 17672 --- [    Test worker] o.s.t.web.servlet.TestDispatcherServlet  : Completed initialization in 0 ms
2022-01-24 11:30:50.043  INFO 17672 --- [    Test worker] c.j.b.s.web.HelloControllerTest          : Started HelloControllerTest in 0.648 seconds (JVM running for 8.224)
]]></system-out>
  <system-err><![CDATA[]]></system-err>
</testsuite>
